<?xml version="1.0" encoding="UTF-8"?>
<!-- Generated by org.testng.reporters.JUnitReportReporter -->
<testsuite hostname="DESKTOP-PRI1S77" failures="0" tests="1" name="com.naukri.testcases.loginpagetest" time="27.219" errors="0" timestamp="2021-01-27T11:24:11 IST" skipped="0">
  <testcase classname="com.naukri.testcases.loginpagetest" name="login" time="27.219"/>
  <system-out/>
</testsuite> <!-- com.naukri.testcases.loginpagetest -->
