<?xml version="1.0" encoding="UTF-8"?>
<!-- Generated by org.testng.reporters.JUnitReportReporter -->
<testsuite hostname="DESKTOP-PRI1S77" failures="0" tests="1" name="com.naukri.testcases.loginpagetest" time="28.313" errors="0" timestamp="27 Jan 2021 04:56:24 GMT" skipped="0">
  <testcase classname="com.naukri.testcases.loginpagetest" name="login" time="28.313"/>
</testsuite> <!-- com.naukri.testcases.loginpagetest -->
