<?xml version="1.0" encoding="UTF-8"?>
<!-- Generated by org.testng.reporters.JUnitReportReporter -->
<testsuite hostname="DESKTOP-PRI1S77" failures="0" tests="1" name="com.naukri.testcases.loginpagetest" time="24.996" errors="0" timestamp="27 Jan 2021 04:22:33 GMT" skipped="0">
  <testcase classname="com.naukri.testcases.loginpagetest" name="login" time="24.996"/>
</testsuite> <!-- com.naukri.testcases.loginpagetest -->
